<?xml version="1.0" encoding="UTF-8"?>
<!-- Generated by org.testng.reporters.JUnitReportReporter -->
<testsuite hostname="saif" failures="0" tests="2" name="test.CrossBrowserTesting" time="21.515" errors="0" timestamp="2022-11-24T17:15:57 IST" skipped="0">
  <testcase classname="test.CrossBrowserTesting" name="EdgeBrowserTesting" time="13.602"/>
  <system-out/>
  <testcase classname="test.CrossBrowserTesting" name="chromeBrowserTesting" time="7.913"/>
  <system-out/>
</testsuite> <!-- test.CrossBrowserTesting -->
