<?xml version="1.0" encoding="UTF-8"?>
<!-- Generated by org.testng.reporters.JUnitReportReporter -->
<testsuite hostname="saif" failures="0" tests="1" name="test.ZerodhaDashBoardTest" time="39.504" errors="0" timestamp="2022-10-06T15:12:35 IST" skipped="0">
  <testcase classname="test.ZerodhaDashBoardTest" name="validateZeodhaLogIn" time="39.504"/>
  <system-out/>
</testsuite> <!-- test.ZerodhaDashBoardTest -->
