<?xml version="1.0" encoding="UTF-8"?>
<!-- Generated by org.testng.reporters.JUnitReportReporter -->
<testsuite hostname="saif" failures="0" tests="4" name="test.ZerodhaLogInPagTest" time="42.804" errors="0" timestamp="2022-10-02T17:51:05 IST" skipped="0">
  <testcase classname="test.ZerodhaLogInPagTest" name="validateProblemWirhPin" time="16.733"/>
  <system-out/>
  <testcase classname="test.ZerodhaLogInPagTest" name="validateForgotUserId" time="8.883"/>
  <system-out/>
  <testcase classname="test.ZerodhaLogInPagTest" name="validateSignupLink" time="8.287"/>
  <system-out/>
  <testcase classname="test.ZerodhaLogInPagTest" name="validateZeodhaLogIn" time="8.901"/>
  <system-out/>
</testsuite> <!-- test.ZerodhaLogInPagTest -->
